updating encounter data
**************************************
End processing data
**************************************
**************************************
Start processing data
**************************************
<QuerySet [(132, 40, 'HIV PROGRAM', '1017', '2022-10-28'), (137, 41, 'HIV PROGRAM', '71', '2022-10-28'), (133, 42, 'HIV PROGRAM', '391', '2022-10-28')]>
updating encounter data
The query was successful
The query was successful
updating encounter data
The query was successful
The query was successful
updating encounter data
The query was successful
The query was successful
**************************************
End processing data
**************************************
**************************************
Start processing data
**************************************
<QuerySet [(132, 40, 'HIV PROGRAM', '1017', '2022-10-28'), (137, 41, 'HIV PROGRAM', '71', '2022-10-28'), (133, 42, 'HIV PROGRAM', '391', '2022-10-28')]>
updating encounter data
The query was successful
The query was successful
#######start vpn#######
updating encounter data
The query was successful
The query was successful
#######start vpn#######
updating encounter data
The query was successful
The query was successful
#######start vpn#######
**************************************
End processing data
**************************************
**************************************
Start processing data
**************************************
<QuerySet [(132, 40, 'HIV PROGRAM', '1017', '2022-10-28'), (137, 41, 'HIV PROGRAM', '71', '2022-10-28'), (133, 42, 'HIV PROGRAM', '391', '2022-10-28')]>
updating encounter data
The query was successful
The query was successful
####### Start vpn #######
vpn status updated
updating encounter data
The query was successful
The query was successful
####### Start vpn #######
vpn status updated
updating encounter data
The query was successful
The query was successful
####### Start vpn #######
vpn status updated
**************************************
End processing data
**************************************
**************************************
Start processing data
**************************************
<QuerySet [(132, 40, 'HIV PROGRAM', '1017', '2022-10-28'), (137, 41, 'HIV PROGRAM', '71', '2022-10-28'), (133, 42, 'HIV PROGRAM', '391', '2022-10-28')]>
updating encounter data
The query was successful
The query was successful
####### Start vpn #######
vpn status updated
updating encounter data
The query was successful
The query was successful
####### Start vpn #######
vpn status updated
updating encounter data
The query was successful
The query was successful
####### Start vpn #######
vpn status updated
**************************************
End processing data
**************************************
**************************************
Start processing data
**************************************
<QuerySet [(132, 40, 'HIV PROGRAM', '1017', '2022-10-28'), (137, 41, 'HIV PROGRAM', '71', '2022-10-28'), (133, 42, 'HIV PROGRAM', '391', '2022-10-28')]>
updating encounter data
The query was successful
The query was successful
####### Start vpn #######
vpn status updated
updating encounter data
The query was successful
The query was successful
####### Start vpn #######
vpn status updated
updating encounter data
The query was successful
The query was successful
####### Start vpn #######
vpn status updated
**************************************
End processing data
**************************************
**************************************
Start processing data
**************************************
<QuerySet [(132, 40, 'HIV PROGRAM', '1017', '2022-10-28'), (137, 41, 'HIV PROGRAM', '71', '2022-10-28'), (133, 42, 'HIV PROGRAM', '391', '2022-10-28')]>
updating encounter data
The query was successful
The query was successful
####### Start vpn #######
vpn status updated
updating encounter data
The query was successful
The query was successful
####### Start vpn #######
vpn status updated
updating encounter data
The query was successful
The query was successful
####### Start vpn #######
vpn status updated
**************************************
End processing data
**************************************
**************************************
Start processing data
**************************************
<QuerySet [(132, 40, 'HIV PROGRAM', '1017', '2022-10-28'), (137, 41, 'HIV PROGRAM', '71', '2022-10-28'), (133, 42, 'HIV PROGRAM', '391', '2022-10-28')]>
updating encounter data
The query was successful
The query was successful
####### Start vpn #######
vpn status updated
updating encounter data
The query was successful
The query was successful
####### Start vpn #######
vpn status updated
updating encounter data
The query was successful
The query was successful
####### Start vpn #######
vpn status updated
**************************************
End processing data
**************************************
**************************************
Start processing data
**************************************
<QuerySet [(132, 40, 'HIV PROGRAM', '1017', '2022-10-28'), (137, 41, 'HIV PROGRAM', '71', '2022-10-28'), (133, 42, 'HIV PROGRAM', '391', '2022-10-28')]>
updating encounter data
The query was successful
The query was successful
####### Start vpn #######
vpn status updated
updating encounter data
The query was successful
The query was successful
####### Start vpn #######
vpn status updated
updating encounter data
The query was successful
The query was successful
####### Start vpn #######
vpn status updated
**************************************
End processing data
**************************************
**************************************
Start processing data
**************************************
<QuerySet [(132, 40, 'HIV PROGRAM', '1017', '2022-10-28'), (137, 41, 'HIV PROGRAM', '71', '2022-10-28'), (133, 42, 'HIV PROGRAM', '391', '2022-10-28')]>
updating encounter data
The query was successful
The query was successful
####### Start vpn #######
vpn status updated
updating encounter data
The query was successful
The query was successful
####### Start vpn #######
vpn status updated
updating encounter data
**************************************
Start processing data
**************************************
<QuerySet [(132, 40, 'HIV PROGRAM', '1017', '2022-10-28'), (137, 41, 'HIV PROGRAM', '71', '2022-10-28'), (133, 42, 'HIV PROGRAM', '391', '2022-10-28')]>
updating encounter data
The query was successful
The query was successful
####### Start vpn #######
vpn status updated
updating encounter data
The query was successful
The query was successful
####### Start vpn #######
vpn status updated
updating encounter data
